{"F:/Fronted/Zen/core/linky/src/deque/index.ts": {"path":"F:/Fronted/Zen/core/linky/src/deque/index.ts","statementMap":{"0":{"start":{"line":30,"column":11},"end":{"line":30,"column":null}},"1":{"start":{"line":31,"column":11},"end":{"line":31,"column":39}},"2":{"start":{"line":32,"column":11},"end":{"line":32,"column":39}},"3":{"start":{"line":43,"column":25},"end":{"line":53,"column":null}},"4":{"start":{"line":45,"column":19},"end":{"line":45,"column":null}},"5":{"start":{"line":46,"column":6},"end":{"line":46,"column":null}},"6":{"start":{"line":46,"column":23},"end":{"line":46,"column":null}},"7":{"start":{"line":48,"column":6},"end":{"line":48,"column":null}},"8":{"start":{"line":49,"column":6},"end":{"line":49,"column":null}},"9":{"start":{"line":50,"column":6},"end":{"line":50,"column":null}},"10":{"start":{"line":55,"column":2},"end":{"line":55,"column":null}},"11":{"start":{"line":65,"column":24},"end":{"line":65,"column":null}},"12":{"start":{"line":72,"column":4},"end":{"line":72,"column":null}},"13":{"start":{"line":81,"column":4},"end":{"line":81,"column":null}},"14":{"start":{"line":91,"column":4},"end":{"line":94,"column":null}},"15":{"start":{"line":92,"column":6},"end":{"line":92,"column":null}},"16":{"start":{"line":93,"column":6},"end":{"line":93,"column":null}},"17":{"start":{"line":96,"column":17},"end":{"line":96,"column":null}},"18":{"start":{"line":97,"column":4},"end":{"line":97,"column":null}},"19":{"start":{"line":97,"column":15},"end":{"line":97,"column":null}},"20":{"start":{"line":98,"column":4},"end":{"line":98,"column":null}},"21":{"start":{"line":99,"column":4},"end":{"line":99,"column":null}},"22":{"start":{"line":108,"column":4},"end":{"line":108,"column":null}},"23":{"start":{"line":117,"column":17},"end":{"line":117,"column":null}},"24":{"start":{"line":118,"column":4},"end":{"line":118,"column":null}},"25":{"start":{"line":118,"column":15},"end":{"line":118,"column":null}},"26":{"start":{"line":120,"column":4},"end":{"line":121,"column":null}},"27":{"start":{"line":120,"column":19},"end":{"line":120,"column":null}},"28":{"start":{"line":121,"column":9},"end":{"line":121,"column":null}},"29":{"start":{"line":123,"column":4},"end":{"line":124,"column":null}},"30":{"start":{"line":123,"column":19},"end":{"line":123,"column":null}},"31":{"start":{"line":124,"column":9},"end":{"line":124,"column":null}},"32":{"start":{"line":126,"column":4},"end":{"line":126,"column":null}},"33":{"start":{"line":127,"column":4},"end":{"line":127,"column":null}},"34":{"start":{"line":136,"column":4},"end":{"line":136,"column":null}},"35":{"start":{"line":136,"column":19},"end":{"line":136,"column":null}},"36":{"start":{"line":137,"column":4},"end":{"line":137,"column":null}},"37":{"start":{"line":137,"column":41},"end":{"line":137,"column":null}},"38":{"start":{"line":138,"column":4},"end":{"line":138,"column":null}},"39":{"start":{"line":150,"column":6},"end":{"line":150,"column":null}},"40":{"start":{"line":152,"column":15},"end":{"line":152,"column":null}},"41":{"start":{"line":153,"column":16},"end":{"line":153,"column":null}},"42":{"start":{"line":154,"column":4},"end":{"line":160,"column":null}},"43":{"start":{"line":155,"column":6},"end":{"line":157,"column":null}},"44":{"start":{"line":156,"column":8},"end":{"line":156,"column":null}},"45":{"start":{"line":158,"column":6},"end":{"line":158,"column":null}},"46":{"start":{"line":159,"column":6},"end":{"line":159,"column":null}},"47":{"start":{"line":161,"column":4},"end":{"line":161,"column":null}},"48":{"start":{"line":172,"column":51},"end":{"line":172,"column":null}},"49":{"start":{"line":174,"column":16},"end":{"line":174,"column":null}},"50":{"start":{"line":175,"column":15},"end":{"line":175,"column":null}},"51":{"start":{"line":176,"column":16},"end":{"line":176,"column":null}},"52":{"start":{"line":178,"column":4},"end":{"line":188,"column":null}},"53":{"start":{"line":179,"column":19},"end":{"line":179,"column":null}},"54":{"start":{"line":180,"column":6},"end":{"line":186,"column":null}},"55":{"start":{"line":181,"column":8},"end":{"line":181,"column":null}},"56":{"start":{"line":182,"column":8},"end":{"line":182,"column":null}},"57":{"start":{"line":185,"column":8},"end":{"line":185,"column":null}},"58":{"start":{"line":187,"column":6},"end":{"line":187,"column":null}},"59":{"start":{"line":190,"column":4},"end":{"line":190,"column":null}},"60":{"start":{"line":199,"column":4},"end":{"line":199,"column":null}},"61":{"start":{"line":199,"column":29},"end":{"line":199,"column":null}},"62":{"start":{"line":201,"column":25},"end":{"line":201,"column":null}},"63":{"start":{"line":203,"column":4},"end":{"line":208,"column":null}},"64":{"start":{"line":204,"column":6},"end":{"line":204,"column":null}},"65":{"start":{"line":205,"column":6},"end":{"line":205,"column":null}},"66":{"start":{"line":207,"column":6},"end":{"line":207,"column":null}},"67":{"start":{"line":210,"column":4},"end":{"line":210,"column":null}},"68":{"start":{"line":211,"column":4},"end":{"line":211,"column":null}},"69":{"start":{"line":212,"column":4},"end":{"line":212,"column":null}},"70":{"start":{"line":220,"column":4},"end":{"line":220,"column":null}},"71":{"start":{"line":220,"column":20},"end":{"line":220,"column":null}},"72":{"start":{"line":222,"column":17},"end":{"line":222,"column":null}},"73":{"start":{"line":223,"column":4},"end":{"line":223,"column":null}},"74":{"start":{"line":225,"column":4},"end":{"line":226,"column":null}},"75":{"start":{"line":225,"column":19},"end":{"line":225,"column":null}},"76":{"start":{"line":226,"column":9},"end":{"line":226,"column":null}},"77":{"start":{"line":228,"column":4},"end":{"line":228,"column":null}},"78":{"start":{"line":229,"column":4},"end":{"line":229,"column":null}},"79":{"start":{"line":237,"column":4},"end":{"line":237,"column":null}},"80":{"start":{"line":237,"column":20},"end":{"line":237,"column":null}},"81":{"start":{"line":239,"column":17},"end":{"line":239,"column":null}},"82":{"start":{"line":240,"column":4},"end":{"line":240,"column":null}},"83":{"start":{"line":242,"column":4},"end":{"line":243,"column":null}},"84":{"start":{"line":242,"column":19},"end":{"line":242,"column":null}},"85":{"start":{"line":243,"column":9},"end":{"line":243,"column":null}},"86":{"start":{"line":245,"column":4},"end":{"line":245,"column":null}},"87":{"start":{"line":246,"column":4},"end":{"line":246,"column":null}},"88":{"start":{"line":255,"column":4},"end":{"line":255,"column":null}},"89":{"start":{"line":255,"column":29},"end":{"line":255,"column":null}},"90":{"start":{"line":256,"column":25},"end":{"line":256,"column":null}},"91":{"start":{"line":258,"column":4},"end":{"line":263,"column":null}},"92":{"start":{"line":259,"column":6},"end":{"line":259,"column":null}},"93":{"start":{"line":260,"column":6},"end":{"line":260,"column":null}},"94":{"start":{"line":262,"column":6},"end":{"line":262,"column":null}},"95":{"start":{"line":265,"column":4},"end":{"line":265,"column":null}},"96":{"start":{"line":266,"column":4},"end":{"line":266,"column":null}},"97":{"start":{"line":267,"column":4},"end":{"line":267,"column":null}},"98":{"start":{"line":276,"column":18},"end":{"line":276,"column":null}},"99":{"start":{"line":277,"column":4},"end":{"line":277,"column":null}},"100":{"start":{"line":278,"column":4},"end":{"line":278,"column":null}},"101":{"start":{"line":288,"column":18},"end":{"line":288,"column":null}},"102":{"start":{"line":289,"column":4},"end":{"line":289,"column":null}},"103":{"start":{"line":289,"column":19},"end":{"line":289,"column":null}},"104":{"start":{"line":290,"column":4},"end":{"line":290,"column":null}},"105":{"start":{"line":290,"column":17},"end":{"line":290,"column":null}},"106":{"start":{"line":292,"column":16},"end":{"line":292,"column":null}},"107":{"start":{"line":293,"column":15},"end":{"line":293,"column":null}},"108":{"start":{"line":295,"column":4},"end":{"line":299,"column":null}},"109":{"start":{"line":296,"column":6},"end":{"line":296,"column":null}},"110":{"start":{"line":296,"column":26},"end":{"line":296,"column":null}},"111":{"start":{"line":297,"column":6},"end":{"line":297,"column":null}},"112":{"start":{"line":298,"column":6},"end":{"line":298,"column":null}},"113":{"start":{"line":301,"column":4},"end":{"line":301,"column":null}},"114":{"start":{"line":312,"column":4},"end":{"line":312,"column":null}},"115":{"start":{"line":312,"column":19},"end":{"line":312,"column":null}},"116":{"start":{"line":313,"column":4},"end":{"line":313,"column":null}},"117":{"start":{"line":313,"column":40},"end":{"line":313,"column":null}},"118":{"start":{"line":315,"column":20},"end":{"line":315,"column":null}},"119":{"start":{"line":316,"column":15},"end":{"line":316,"column":null}},"120":{"start":{"line":317,"column":4},"end":{"line":322,"column":null}},"121":{"start":{"line":317,"column":17},"end":{"line":317,"column":20}},"122":{"start":{"line":318,"column":6},"end":{"line":318,"column":null}},"123":{"start":{"line":319,"column":19},"end":{"line":319,"column":null}},"124":{"start":{"line":320,"column":6},"end":{"line":320,"column":null}},"125":{"start":{"line":321,"column":6},"end":{"line":321,"column":null}},"126":{"start":{"line":324,"column":4},"end":{"line":349,"column":null}},"127":{"start":{"line":325,"column":20},"end":{"line":325,"column":null}},"128":{"start":{"line":325,"column":41},"end":{"line":325,"column":59}},"129":{"start":{"line":326,"column":6},"end":{"line":329,"column":null}},"130":{"start":{"line":326,"column":19},"end":{"line":326,"column":22}},"131":{"start":{"line":327,"column":8},"end":{"line":327,"column":null}},"132":{"start":{"line":328,"column":8},"end":{"line":328,"column":null}},"133":{"start":{"line":331,"column":23},"end":{"line":331,"column":null}},"134":{"start":{"line":332,"column":23},"end":{"line":332,"column":null}},"135":{"start":{"line":334,"column":6},"end":{"line":339,"column":null}},"136":{"start":{"line":335,"column":8},"end":{"line":335,"column":null}},"137":{"start":{"line":336,"column":8},"end":{"line":336,"column":null}},"138":{"start":{"line":338,"column":8},"end":{"line":338,"column":null}},"139":{"start":{"line":341,"column":6},"end":{"line":346,"column":null}},"140":{"start":{"line":342,"column":8},"end":{"line":342,"column":null}},"141":{"start":{"line":343,"column":8},"end":{"line":343,"column":null}},"142":{"start":{"line":345,"column":8},"end":{"line":345,"column":null}},"143":{"start":{"line":348,"column":6},"end":{"line":348,"column":null}},"144":{"start":{"line":351,"column":4},"end":{"line":351,"column":null}},"145":{"start":{"line":364,"column":14},"end":{"line":364,"column":null}},"146":{"start":{"line":365,"column":16},"end":{"line":365,"column":null}},"147":{"start":{"line":366,"column":15},"end":{"line":366,"column":null}},"148":{"start":{"line":367,"column":4},"end":{"line":371,"column":null}},"149":{"start":{"line":368,"column":6},"end":{"line":368,"column":null}},"150":{"start":{"line":369,"column":6},"end":{"line":369,"column":null}},"151":{"start":{"line":370,"column":6},"end":{"line":370,"column":null}},"152":{"start":{"line":372,"column":4},"end":{"line":372,"column":null}},"153":{"start":{"line":385,"column":14},"end":{"line":385,"column":null}},"154":{"start":{"line":386,"column":16},"end":{"line":386,"column":null}},"155":{"start":{"line":387,"column":15},"end":{"line":387,"column":null}},"156":{"start":{"line":388,"column":4},"end":{"line":392,"column":null}},"157":{"start":{"line":389,"column":6},"end":{"line":389,"column":null}},"158":{"start":{"line":390,"column":6},"end":{"line":390,"column":null}},"159":{"start":{"line":391,"column":6},"end":{"line":391,"column":null}},"160":{"start":{"line":393,"column":4},"end":{"line":393,"column":null}},"161":{"start":{"line":401,"column":15},"end":{"line":401,"column":null}},"162":{"start":{"line":403,"column":4},"end":{"line":406,"column":null}},"163":{"start":{"line":404,"column":6},"end":{"line":404,"column":null}},"164":{"start":{"line":405,"column":6},"end":{"line":405,"column":null}},"165":{"start":{"line":407,"column":4},"end":{"line":407,"column":null}},"166":{"start":{"line":409,"column":4},"end":{"line":409,"column":null}},"167":{"start":{"line":418,"column":4},"end":{"line":420,"column":null}},"168":{"start":{"line":419,"column":6},"end":{"line":419,"column":null}},"169":{"start":{"line":419,"column":34},"end":{"line":419,"column":null}},"170":{"start":{"line":421,"column":4},"end":{"line":421,"column":null}},"171":{"start":{"line":430,"column":16},"end":{"line":430,"column":null}},"172":{"start":{"line":431,"column":4},"end":{"line":434,"column":null}},"173":{"start":{"line":432,"column":6},"end":{"line":432,"column":null}},"174":{"start":{"line":432,"column":34},"end":{"line":432,"column":null}},"175":{"start":{"line":433,"column":6},"end":{"line":433,"column":null}},"176":{"start":{"line":435,"column":4},"end":{"line":435,"column":null}},"177":{"start":{"line":443,"column":18},"end":{"line":443,"column":null}},"178":{"start":{"line":444,"column":15},"end":{"line":444,"column":null}},"179":{"start":{"line":445,"column":4},"end":{"line":453,"column":null}},"180":{"start":{"line":446,"column":20},"end":{"line":446,"column":null}},"181":{"start":{"line":447,"column":6},"end":{"line":451,"column":null}},"182":{"start":{"line":448,"column":8},"end":{"line":448,"column":null}},"183":{"start":{"line":450,"column":8},"end":{"line":450,"column":null}},"184":{"start":{"line":452,"column":6},"end":{"line":452,"column":null}},"185":{"start":{"line":454,"column":4},"end":{"line":454,"column":null}},"186":{"start":{"line":463,"column":18},"end":{"line":463,"column":null}},"187":{"start":{"line":464,"column":16},"end":{"line":464,"column":null}},"188":{"start":{"line":465,"column":15},"end":{"line":465,"column":null}},"189":{"start":{"line":467,"column":4},"end":{"line":472,"column":null}},"190":{"start":{"line":468,"column":21},"end":{"line":468,"column":null}},"191":{"start":{"line":469,"column":6},"end":{"line":469,"column":null}},"192":{"start":{"line":470,"column":6},"end":{"line":470,"column":null}},"193":{"start":{"line":471,"column":6},"end":{"line":471,"column":null}},"194":{"start":{"line":474,"column":4},"end":{"line":474,"column":null}},"195":{"start":{"line":483,"column":16},"end":{"line":483,"column":null}},"196":{"start":{"line":484,"column":15},"end":{"line":484,"column":null}},"197":{"start":{"line":486,"column":4},"end":{"line":490,"column":null}},"198":{"start":{"line":487,"column":6},"end":{"line":487,"column":null}},"199":{"start":{"line":487,"column":51},"end":{"line":487,"column":null}},"200":{"start":{"line":488,"column":6},"end":{"line":488,"column":null}},"201":{"start":{"line":489,"column":6},"end":{"line":489,"column":null}},"202":{"start":{"line":492,"column":4},"end":{"line":492,"column":null}},"203":{"start":{"line":501,"column":16},"end":{"line":501,"column":null}},"204":{"start":{"line":502,"column":15},"end":{"line":502,"column":null}},"205":{"start":{"line":504,"column":4},"end":{"line":508,"column":null}},"206":{"start":{"line":505,"column":6},"end":{"line":505,"column":null}},"207":{"start":{"line":505,"column":51},"end":{"line":505,"column":null}},"208":{"start":{"line":506,"column":6},"end":{"line":506,"column":null}},"209":{"start":{"line":507,"column":6},"end":{"line":507,"column":null}},"210":{"start":{"line":510,"column":4},"end":{"line":510,"column":null}},"211":{"start":{"line":519,"column":16},"end":{"line":519,"column":null}},"212":{"start":{"line":520,"column":15},"end":{"line":520,"column":null}},"213":{"start":{"line":522,"column":4},"end":{"line":526,"column":null}},"214":{"start":{"line":523,"column":6},"end":{"line":523,"column":null}},"215":{"start":{"line":523,"column":51},"end":{"line":523,"column":null}},"216":{"start":{"line":524,"column":6},"end":{"line":524,"column":null}},"217":{"start":{"line":525,"column":6},"end":{"line":525,"column":null}},"218":{"start":{"line":527,"column":4},"end":{"line":527,"column":null}},"219":{"start":{"line":536,"column":16},"end":{"line":536,"column":null}},"220":{"start":{"line":537,"column":15},"end":{"line":537,"column":null}},"221":{"start":{"line":539,"column":4},"end":{"line":543,"column":null}},"222":{"start":{"line":540,"column":6},"end":{"line":540,"column":null}},"223":{"start":{"line":540,"column":51},"end":{"line":540,"column":null}},"224":{"start":{"line":541,"column":6},"end":{"line":541,"column":null}},"225":{"start":{"line":542,"column":6},"end":{"line":542,"column":null}},"226":{"start":{"line":544,"column":4},"end":{"line":544,"column":null}},"227":{"start":{"line":553,"column":16},"end":{"line":553,"column":null}},"228":{"start":{"line":554,"column":15},"end":{"line":554,"column":null}},"229":{"start":{"line":556,"column":4},"end":{"line":560,"column":null}},"230":{"start":{"line":557,"column":6},"end":{"line":557,"column":null}},"231":{"start":{"line":557,"column":52},"end":{"line":557,"column":null}},"232":{"start":{"line":558,"column":6},"end":{"line":558,"column":null}},"233":{"start":{"line":559,"column":6},"end":{"line":559,"column":null}},"234":{"start":{"line":561,"column":4},"end":{"line":561,"column":null}},"235":{"start":{"line":570,"column":16},"end":{"line":570,"column":null}},"236":{"start":{"line":571,"column":15},"end":{"line":571,"column":null}},"237":{"start":{"line":573,"column":4},"end":{"line":577,"column":null}},"238":{"start":{"line":574,"column":6},"end":{"line":574,"column":null}},"239":{"start":{"line":574,"column":51},"end":{"line":574,"column":null}},"240":{"start":{"line":575,"column":6},"end":{"line":575,"column":null}},"241":{"start":{"line":576,"column":6},"end":{"line":576,"column":null}},"242":{"start":{"line":578,"column":4},"end":{"line":578,"column":null}},"243":{"start":{"line":587,"column":18},"end":{"line":587,"column":null}},"244":{"start":{"line":589,"column":16},"end":{"line":589,"column":null}},"245":{"start":{"line":590,"column":15},"end":{"line":590,"column":null}},"246":{"start":{"line":592,"column":4},"end":{"line":596,"column":null}},"247":{"start":{"line":593,"column":6},"end":{"line":593,"column":null}},"248":{"start":{"line":593,"column":51},"end":{"line":593,"column":null}},"249":{"start":{"line":594,"column":6},"end":{"line":594,"column":null}},"250":{"start":{"line":595,"column":6},"end":{"line":595,"column":null}},"251":{"start":{"line":598,"column":4},"end":{"line":598,"column":null}},"252":{"start":{"line":606,"column":16},"end":{"line":606,"column":null}},"253":{"start":{"line":607,"column":15},"end":{"line":607,"column":null}},"254":{"start":{"line":609,"column":4},"end":{"line":613,"column":null}},"255":{"start":{"line":610,"column":6},"end":{"line":610,"column":null}},"256":{"start":{"line":611,"column":6},"end":{"line":611,"column":null}},"257":{"start":{"line":612,"column":6},"end":{"line":612,"column":null}},"258":{"start":{"line":623,"column":18},"end":{"line":623,"column":null}},"259":{"start":{"line":625,"column":16},"end":{"line":625,"column":null}},"260":{"start":{"line":626,"column":15},"end":{"line":626,"column":null}},"261":{"start":{"line":628,"column":4},"end":{"line":632,"column":null}},"262":{"start":{"line":629,"column":6},"end":{"line":629,"column":null}},"263":{"start":{"line":630,"column":6},"end":{"line":630,"column":null}},"264":{"start":{"line":631,"column":6},"end":{"line":631,"column":null}},"265":{"start":{"line":634,"column":4},"end":{"line":634,"column":null}},"266":{"start":{"line":643,"column":19},"end":{"line":643,"column":null}},"267":{"start":{"line":644,"column":4},"end":{"line":644,"column":null}},"268":{"start":{"line":645,"column":4},"end":{"line":645,"column":null}},"269":{"start":{"line":646,"column":4},"end":{"line":646,"column":null}},"270":{"start":{"line":655,"column":17},"end":{"line":655,"column":null}},"271":{"start":{"line":656,"column":15},"end":{"line":656,"column":null}},"272":{"start":{"line":657,"column":4},"end":{"line":660,"column":null}},"273":{"start":{"line":658,"column":6},"end":{"line":658,"column":null}},"274":{"start":{"line":659,"column":6},"end":{"line":659,"column":null}},"275":{"start":{"line":661,"column":4},"end":{"line":661,"column":null}},"276":{"start":{"line":671,"column":18},"end":{"line":671,"column":null}},"277":{"start":{"line":672,"column":4},"end":{"line":672,"column":null}},"278":{"start":{"line":673,"column":4},"end":{"line":673,"column":null}},"279":{"start":{"line":681,"column":24},"end":{"line":681,"column":null}},"280":{"start":{"line":682,"column":15},"end":{"line":682,"column":null}},"281":{"start":{"line":683,"column":4},"end":{"line":686,"column":null}},"282":{"start":{"line":684,"column":6},"end":{"line":684,"column":null}},"283":{"start":{"line":685,"column":6},"end":{"line":685,"column":null}},"284":{"start":{"line":687,"column":4},"end":{"line":687,"column":null}},"285":{"start":{"line":695,"column":4},"end":{"line":695,"column":null}},"286":{"start":{"line":704,"column":4},"end":{"line":704,"column":null}},"287":{"start":{"line":719,"column":18},"end":{"line":719,"column":null}},"288":{"start":{"line":720,"column":12},"end":{"line":720,"column":null}},"289":{"start":{"line":721,"column":15},"end":{"line":721,"column":null}},"290":{"start":{"line":723,"column":4},"end":{"line":732,"column":null}},"291":{"start":{"line":724,"column":6},"end":{"line":726,"column":null}},"292":{"start":{"line":725,"column":8},"end":{"line":725,"column":null}},"293":{"start":{"line":727,"column":6},"end":{"line":729,"column":null}},"294":{"start":{"line":728,"column":8},"end":{"line":728,"column":null}},"295":{"start":{"line":730,"column":6},"end":{"line":730,"column":null}},"296":{"start":{"line":731,"column":6},"end":{"line":731,"column":null}},"297":{"start":{"line":734,"column":4},"end":{"line":734,"column":null}},"298":{"start":{"line":734,"column":20},"end":{"line":734,"column":null}},"299":{"start":{"line":735,"column":4},"end":{"line":735,"column":null}},"300":{"start":{"line":743,"column":18},"end":{"line":743,"column":null}},"301":{"start":{"line":744,"column":15},"end":{"line":744,"column":null}},"302":{"start":{"line":746,"column":4},"end":{"line":749,"column":null}},"303":{"start":{"line":747,"column":6},"end":{"line":747,"column":null}},"304":{"start":{"line":748,"column":6},"end":{"line":748,"column":null}},"305":{"start":{"line":751,"column":4},"end":{"line":751,"column":null}},"306":{"start":{"line":755,"column":18},"end":{"line":755,"column":null}},"307":{"start":{"line":756,"column":4},"end":{"line":756,"column":null}},"308":{"start":{"line":763,"column":4},"end":{"line":763,"column":null}},"309":{"start":{"line":764,"column":4},"end":{"line":764,"column":null}},"310":{"start":{"line":772,"column":4},"end":{"line":772,"column":null}},"311":{"start":{"line":780,"column":15},"end":{"line":780,"column":null}},"312":{"start":{"line":781,"column":4},"end":{"line":784,"column":null}},"313":{"start":{"line":782,"column":6},"end":{"line":782,"column":null}},"314":{"start":{"line":783,"column":6},"end":{"line":783,"column":null}},"315":{"start":{"line":791,"column":4},"end":{"line":793,"column":null}},"316":{"start":{"line":791,"column":17},"end":{"line":791,"column":20}},"317":{"start":{"line":792,"column":6},"end":{"line":792,"column":null}},"318":{"start":{"line":802,"column":4},"end":{"line":802,"column":null}},"319":{"start":{"line":802,"column":19},"end":{"line":802,"column":null}},"320":{"start":{"line":803,"column":4},"end":{"line":803,"column":null}},"321":{"start":{"line":803,"column":41},"end":{"line":803,"column":null}},"322":{"start":{"line":806,"column":4},"end":{"line":820,"column":null}},"323":{"start":{"line":808,"column":17},"end":{"line":808,"column":null}},"324":{"start":{"line":809,"column":6},"end":{"line":811,"column":null}},"325":{"start":{"line":809,"column":19},"end":{"line":809,"column":22}},"326":{"start":{"line":810,"column":8},"end":{"line":810,"column":null}},"327":{"start":{"line":812,"column":6},"end":{"line":812,"column":null}},"328":{"start":{"line":815,"column":17},"end":{"line":815,"column":null}},"329":{"start":{"line":816,"column":6},"end":{"line":818,"column":null}},"330":{"start":{"line":816,"column":19},"end":{"line":816,"column":34}},"331":{"start":{"line":817,"column":8},"end":{"line":817,"column":null}},"332":{"start":{"line":819,"column":6},"end":{"line":819,"column":null}}},"fnMap":{"0":{"name":"(anonymous_0)","decl":{"start":{"line":29,"column":2},"end":{"line":29,"column":null}},"loc":{"start":{"line":33,"column":4},"end":{"line":33,"column":null}}},"1":{"name":"createNodes","decl":{"start":{"line":42,"column":9},"end":{"line":42,"column":24}},"loc":{"start":{"line":42,"column":69},"end":{"line":56,"column":null}}},"2":{"name":"(anonymous_2)","decl":{"start":{"line":44,"column":4},"end":{"line":44,"column":5}},"loc":{"start":{"line":44,"column":38},"end":{"line":51,"column":null}}},"3":{"name":"(anonymous_3)","decl":{"start":{"line":71,"column":9},"end":{"line":71,"column":21}},"loc":{"start":{"line":71,"column":49},"end":{"line":73,"column":null}}},"4":{"name":"(anonymous_4)","decl":{"start":{"line":80,"column":9},"end":{"line":80,"column":13}},"loc":{"start":{"line":80,"column":43},"end":{"line":82,"column":null}}},"5":{"name":"(anonymous_5)","decl":{"start":{"line":90,"column":9},"end":{"line":90,"column":13}},"loc":{"start":{"line":90,"column":47},"end":{"line":100,"column":null}}},"6":{"name":"(anonymous_6)","decl":{"start":{"line":107,"column":9},"end":{"line":107,"column":13}},"loc":{"start":{"line":107,"column":32},"end":{"line":109,"column":null}}},"7":{"name":"(anonymous_7)","decl":{"start":{"line":116,"column":9},"end":{"line":116,"column":16}},"loc":{"start":{"line":116,"column":40},"end":{"line":128,"column":null}}},"8":{"name":"(anonymous_8)","decl":{"start":{"line":135,"column":9},"end":{"line":135,"column":12}},"loc":{"start":{"line":135,"column":42},"end":{"line":139,"column":null}}},"9":{"name":"(anonymous_9)","decl":{"start":{"line":147,"column":9},"end":{"line":147,"column":null}},"loc":{"start":{"line":151,"column":13},"end":{"line":162,"column":null}}},"10":{"name":"(anonymous_10)","decl":{"start":{"line":149,"column":29},"end":{"line":149,"column":30}},"loc":{"start":{"line":150,"column":6},"end":{"line":150,"column":null}}},"11":{"name":"(anonymous_11)","decl":{"start":{"line":170,"column":9},"end":{"line":170,"column":null}},"loc":{"start":{"line":173,"column":12},"end":{"line":191,"column":null}}},"12":{"name":"(anonymous_12)","decl":{"start":{"line":172,"column":29},"end":{"line":172,"column":30}},"loc":{"start":{"line":172,"column":51},"end":{"line":172,"column":null}}},"13":{"name":"(anonymous_13)","decl":{"start":{"line":198,"column":9},"end":{"line":198,"column":17}},"loc":{"start":{"line":198,"column":38},"end":{"line":213,"column":null}}},"14":{"name":"(anonymous_14)","decl":{"start":{"line":219,"column":9},"end":{"line":219,"column":30}},"loc":{"start":{"line":219,"column":30},"end":{"line":230,"column":null}}},"15":{"name":"(anonymous_15)","decl":{"start":{"line":236,"column":9},"end":{"line":236,"column":32}},"loc":{"start":{"line":236,"column":32},"end":{"line":247,"column":null}}},"16":{"name":"(anonymous_16)","decl":{"start":{"line":254,"column":9},"end":{"line":254,"column":20}},"loc":{"start":{"line":254,"column":41},"end":{"line":268,"column":null}}},"17":{"name":"(anonymous_17)","decl":{"start":{"line":275,"column":9},"end":{"line":275,"column":16}},"loc":{"start":{"line":275,"column":49},"end":{"line":279,"column":null}}},"18":{"name":"(anonymous_18)","decl":{"start":{"line":287,"column":9},"end":{"line":287,"column":15}},"loc":{"start":{"line":287,"column":69},"end":{"line":302,"column":null}}},"19":{"name":"(anonymous_19)","decl":{"start":{"line":311,"column":9},"end":{"line":311,"column":16}},"loc":{"start":{"line":311,"column":77},"end":{"line":352,"column":null}}},"20":{"name":"(anonymous_20)","decl":{"start":{"line":325,"column":30},"end":{"line":325,"column":31}},"loc":{"start":{"line":325,"column":41},"end":{"line":325,"column":59}}},"21":{"name":"(anonymous_21)","decl":{"start":{"line":360,"column":9},"end":{"line":360,"column":null}},"loc":{"start":{"line":363,"column":7},"end":{"line":373,"column":null}}},"22":{"name":"(anonymous_22)","decl":{"start":{"line":381,"column":9},"end":{"line":381,"column":null}},"loc":{"start":{"line":384,"column":7},"end":{"line":394,"column":null}}},"23":{"name":"(anonymous_23)","decl":{"start":{"line":400,"column":9},"end":{"line":400,"column":19}},"loc":{"start":{"line":400,"column":19},"end":{"line":410,"column":null}}},"24":{"name":"(anonymous_24)","decl":{"start":{"line":417,"column":9},"end":{"line":417,"column":18}},"loc":{"start":{"line":417,"column":37},"end":{"line":422,"column":null}}},"25":{"name":"(anonymous_25)","decl":{"start":{"line":429,"column":9},"end":{"line":429,"column":17}},"loc":{"start":{"line":429,"column":35},"end":{"line":436,"column":null}}},"26":{"name":"(anonymous_26)","decl":{"start":{"line":442,"column":9},"end":{"line":442,"column":26}},"loc":{"start":{"line":442,"column":26},"end":{"line":455,"column":null}}},"27":{"name":"(anonymous_27)","decl":{"start":{"line":462,"column":9},"end":{"line":462,"column":20}},"loc":{"start":{"line":462,"column":69},"end":{"line":475,"column":null}}},"28":{"name":"(anonymous_28)","decl":{"start":{"line":482,"column":9},"end":{"line":482,"column":18}},"loc":{"start":{"line":482,"column":56},"end":{"line":493,"column":null}}},"29":{"name":"(anonymous_29)","decl":{"start":{"line":500,"column":9},"end":{"line":500,"column":23}},"loc":{"start":{"line":500,"column":54},"end":{"line":511,"column":null}}},"30":{"name":"(anonymous_30)","decl":{"start":{"line":518,"column":9},"end":{"line":518,"column":19}},"loc":{"start":{"line":518,"column":50},"end":{"line":528,"column":null}}},"31":{"name":"(anonymous_31)","decl":{"start":{"line":535,"column":9},"end":{"line":535,"column":14}},"loc":{"start":{"line":535,"column":52},"end":{"line":545,"column":null}}},"32":{"name":"(anonymous_32)","decl":{"start":{"line":552,"column":9},"end":{"line":552,"column":15}},"loc":{"start":{"line":552,"column":47},"end":{"line":562,"column":null}}},"33":{"name":"(anonymous_33)","decl":{"start":{"line":569,"column":9},"end":{"line":569,"column":14}},"loc":{"start":{"line":569,"column":46},"end":{"line":579,"column":null}}},"34":{"name":"(anonymous_34)","decl":{"start":{"line":586,"column":9},"end":{"line":586,"column":16}},"loc":{"start":{"line":586,"column":49},"end":{"line":599,"column":null}}},"35":{"name":"(anonymous_35)","decl":{"start":{"line":605,"column":9},"end":{"line":605,"column":17}},"loc":{"start":{"line":605,"column":52},"end":{"line":614,"column":null}}},"36":{"name":"(anonymous_36)","decl":{"start":{"line":622,"column":9},"end":{"line":622,"column":16}},"loc":{"start":{"line":622,"column":52},"end":{"line":635,"column":null}}},"37":{"name":"(anonymous_37)","decl":{"start":{"line":642,"column":9},"end":{"line":642,"column":14}},"loc":{"start":{"line":642,"column":56},"end":{"line":647,"column":null}}},"38":{"name":"(anonymous_38)","decl":{"start":{"line":654,"column":9},"end":{"line":654,"column":14}},"loc":{"start":{"line":654,"column":47},"end":{"line":662,"column":null}}},"39":{"name":"(anonymous_39)","decl":{"start":{"line":670,"column":9},"end":{"line":670,"column":14}},"loc":{"start":{"line":670,"column":49},"end":{"line":674,"column":null}}},"40":{"name":"(anonymous_40)","decl":{"start":{"line":680,"column":9},"end":{"line":680,"column":24}},"loc":{"start":{"line":680,"column":24},"end":{"line":688,"column":null}}},"41":{"name":"(anonymous_41)","decl":{"start":{"line":694,"column":9},"end":{"line":694,"column":28}},"loc":{"start":{"line":694,"column":28},"end":{"line":696,"column":null}}},"42":{"name":"(anonymous_42)","decl":{"start":{"line":703,"column":9},"end":{"line":703,"column":18}},"loc":{"start":{"line":703,"column":64},"end":{"line":705,"column":null}}},"43":{"name":"(anonymous_43)","decl":{"start":{"line":714,"column":9},"end":{"line":714,"column":null}},"loc":{"start":{"line":718,"column":14},"end":{"line":736,"column":null}}},"44":{"name":"(anonymous_44)","decl":{"start":{"line":742,"column":9},"end":{"line":742,"column":22}},"loc":{"start":{"line":742,"column":22},"end":{"line":752,"column":null}}},"45":{"name":"(anonymous_45)","decl":{"start":{"line":754,"column":9},"end":{"line":754,"column":27}},"loc":{"start":{"line":754,"column":27},"end":{"line":757,"column":null}}},"46":{"name":"(anonymous_46)","decl":{"start":{"line":762,"column":9},"end":{"line":762,"column":17}},"loc":{"start":{"line":762,"column":17},"end":{"line":765,"column":null}}},"47":{"name":"(anonymous_47)","decl":{"start":{"line":771,"column":2},"end":{"line":771,"column":10}},"loc":{"start":{"line":771,"column":42},"end":{"line":773,"column":null}}},"48":{"name":"(anonymous_48)","decl":{"start":{"line":779,"column":2},"end":{"line":779,"column":10}},"loc":{"start":{"line":779,"column":32},"end":{"line":785,"column":null}}},"49":{"name":"(anonymous_49)","decl":{"start":{"line":790,"column":2},"end":{"line":790,"column":10}},"loc":{"start":{"line":790,"column":43},"end":{"line":794,"column":null}}},"50":{"name":"(anonymous_50)","decl":{"start":{"line":801,"column":10},"end":{"line":801,"column":18}},"loc":{"start":{"line":801,"column":54},"end":{"line":821,"column":null}}}},"branchMap":{"0":{"loc":{"start":{"line":31,"column":11},"end":{"line":31,"column":null}},"type":"default-arg","locations":[{"start":{"line":31,"column":39},"end":{"line":31,"column":null}}]},"1":{"loc":{"start":{"line":32,"column":11},"end":{"line":32,"column":null}},"type":"default-arg","locations":[{"start":{"line":32,"column":39},"end":{"line":32,"column":null}}]},"2":{"loc":{"start":{"line":46,"column":6},"end":{"line":46,"column":null}},"type":"if","locations":[{"start":{"line":46,"column":6},"end":{"line":46,"column":null}},{"start":{},"end":{}}]},"3":{"loc":{"start":{"line":71,"column":21},"end":{"line":71,"column":49}},"type":"default-arg","locations":[{"start":{"line":71,"column":45},"end":{"line":71,"column":49}}]},"4":{"loc":{"start":{"line":91,"column":4},"end":{"line":94,"column":null}},"type":"if","locations":[{"start":{"line":91,"column":4},"end":{"line":94,"column":null}},{"start":{},"end":{}}]},"5":{"loc":{"start":{"line":97,"column":4},"end":{"line":97,"column":null}},"type":"if","locations":[{"start":{"line":97,"column":4},"end":{"line":97,"column":null}},{"start":{},"end":{}}]},"6":{"loc":{"start":{"line":118,"column":4},"end":{"line":118,"column":null}},"type":"if","locations":[{"start":{"line":118,"column":4},"end":{"line":118,"column":null}},{"start":{},"end":{}}]},"7":{"loc":{"start":{"line":120,"column":4},"end":{"line":121,"column":null}},"type":"if","locations":[{"start":{"line":120,"column":4},"end":{"line":121,"column":null}},{"start":{"line":121,"column":9},"end":{"line":121,"column":null}}]},"8":{"loc":{"start":{"line":123,"column":4},"end":{"line":124,"column":null}},"type":"if","locations":[{"start":{"line":123,"column":4},"end":{"line":124,"column":null}},{"start":{"line":124,"column":9},"end":{"line":124,"column":null}}]},"9":{"loc":{"start":{"line":136,"column":4},"end":{"line":136,"column":null}},"type":"if","locations":[{"start":{"line":136,"column":4},"end":{"line":136,"column":null}},{"start":{},"end":{}}]},"10":{"loc":{"start":{"line":137,"column":4},"end":{"line":137,"column":null}},"type":"if","locations":[{"start":{"line":137,"column":4},"end":{"line":137,"column":null}},{"start":{},"end":{}}]},"11":{"loc":{"start":{"line":137,"column":8},"end":{"line":137,"column":41}},"type":"binary-expr","locations":[{"start":{"line":137,"column":8},"end":{"line":137,"column":21}},{"start":{"line":137,"column":21},"end":{"line":137,"column":41}}]},"12":{"loc":{"start":{"line":149,"column":4},"end":{"line":150,"column":null}},"type":"default-arg","locations":[{"start":{"line":149,"column":29},"end":{"line":150,"column":null}}]},"13":{"loc":{"start":{"line":155,"column":6},"end":{"line":157,"column":null}},"type":"if","locations":[{"start":{"line":155,"column":6},"end":{"line":157,"column":null}},{"start":{},"end":{}}]},"14":{"loc":{"start":{"line":172,"column":4},"end":{"line":172,"column":null}},"type":"default-arg","locations":[{"start":{"line":172,"column":29},"end":{"line":172,"column":null}}]},"15":{"loc":{"start":{"line":180,"column":6},"end":{"line":186,"column":null}},"type":"if","locations":[{"start":{"line":180,"column":6},"end":{"line":186,"column":null}},{"start":{"line":184,"column":13},"end":{"line":186,"column":null}}]},"16":{"loc":{"start":{"line":199,"column":4},"end":{"line":199,"column":null}},"type":"if","locations":[{"start":{"line":199,"column":4},"end":{"line":199,"column":null}},{"start":{},"end":{}}]},"17":{"loc":{"start":{"line":203,"column":4},"end":{"line":208,"column":null}},"type":"if","locations":[{"start":{"line":203,"column":4},"end":{"line":208,"column":null}},{"start":{"line":206,"column":11},"end":{"line":208,"column":null}}]},"18":{"loc":{"start":{"line":220,"column":4},"end":{"line":220,"column":null}},"type":"if","locations":[{"start":{"line":220,"column":4},"end":{"line":220,"column":null}},{"start":{},"end":{}}]},"19":{"loc":{"start":{"line":225,"column":4},"end":{"line":226,"column":null}},"type":"if","locations":[{"start":{"line":225,"column":4},"end":{"line":226,"column":null}},{"start":{"line":226,"column":9},"end":{"line":226,"column":null}}]},"20":{"loc":{"start":{"line":237,"column":4},"end":{"line":237,"column":null}},"type":"if","locations":[{"start":{"line":237,"column":4},"end":{"line":237,"column":null}},{"start":{},"end":{}}]},"21":{"loc":{"start":{"line":242,"column":4},"end":{"line":243,"column":null}},"type":"if","locations":[{"start":{"line":242,"column":4},"end":{"line":243,"column":null}},{"start":{"line":243,"column":9},"end":{"line":243,"column":null}}]},"22":{"loc":{"start":{"line":255,"column":4},"end":{"line":255,"column":null}},"type":"if","locations":[{"start":{"line":255,"column":4},"end":{"line":255,"column":null}},{"start":{},"end":{}}]},"23":{"loc":{"start":{"line":258,"column":4},"end":{"line":263,"column":null}},"type":"if","locations":[{"start":{"line":258,"column":4},"end":{"line":263,"column":null}},{"start":{"line":261,"column":11},"end":{"line":263,"column":null}}]},"24":{"loc":{"start":{"line":287,"column":15},"end":{"line":287,"column":34}},"type":"default-arg","locations":[{"start":{"line":287,"column":31},"end":{"line":287,"column":34}}]},"25":{"loc":{"start":{"line":287,"column":34},"end":{"line":287,"column":69}},"type":"default-arg","locations":[{"start":{"line":287,"column":48},"end":{"line":287,"column":69}}]},"26":{"loc":{"start":{"line":289,"column":4},"end":{"line":289,"column":null}},"type":"if","locations":[{"start":{"line":289,"column":4},"end":{"line":289,"column":null}},{"start":{},"end":{}}]},"27":{"loc":{"start":{"line":290,"column":4},"end":{"line":290,"column":null}},"type":"if","locations":[{"start":{"line":290,"column":4},"end":{"line":290,"column":null}},{"start":{},"end":{}}]},"28":{"loc":{"start":{"line":295,"column":11},"end":{"line":295,"column":32}},"type":"binary-expr","locations":[{"start":{"line":295,"column":11},"end":{"line":295,"column":19}},{"start":{"line":295,"column":19},"end":{"line":295,"column":32}}]},"29":{"loc":{"start":{"line":296,"column":6},"end":{"line":296,"column":null}},"type":"if","locations":[{"start":{"line":296,"column":6},"end":{"line":296,"column":null}},{"start":{},"end":{}}]},"30":{"loc":{"start":{"line":312,"column":4},"end":{"line":312,"column":null}},"type":"if","locations":[{"start":{"line":312,"column":4},"end":{"line":312,"column":null}},{"start":{},"end":{}}]},"31":{"loc":{"start":{"line":313,"column":4},"end":{"line":313,"column":null}},"type":"if","locations":[{"start":{"line":313,"column":4},"end":{"line":313,"column":null}},{"start":{},"end":{}}]},"32":{"loc":{"start":{"line":313,"column":8},"end":{"line":313,"column":40}},"type":"binary-expr","locations":[{"start":{"line":313,"column":8},"end":{"line":313,"column":21}},{"start":{"line":313,"column":21},"end":{"line":313,"column":40}}]},"33":{"loc":{"start":{"line":317,"column":20},"end":{"line":317,"column":45}},"type":"binary-expr","locations":[{"start":{"line":317,"column":20},"end":{"line":317,"column":39}},{"start":{"line":317,"column":39},"end":{"line":317,"column":45}}]},"34":{"loc":{"start":{"line":324,"column":4},"end":{"line":349,"column":null}},"type":"if","locations":[{"start":{"line":324,"column":4},"end":{"line":349,"column":null}},{"start":{},"end":{}}]},"35":{"loc":{"start":{"line":332,"column":23},"end":{"line":332,"column":null}},"type":"binary-expr","locations":[{"start":{"line":332,"column":23},"end":{"line":332,"column":41}},{"start":{"line":332,"column":41},"end":{"line":332,"column":null}}]},"36":{"loc":{"start":{"line":334,"column":6},"end":{"line":339,"column":null}},"type":"if","locations":[{"start":{"line":334,"column":6},"end":{"line":339,"column":null}},{"start":{"line":337,"column":13},"end":{"line":339,"column":null}}]},"37":{"loc":{"start":{"line":341,"column":6},"end":{"line":346,"column":null}},"type":"if","locations":[{"start":{"line":341,"column":6},"end":{"line":346,"column":null}},{"start":{"line":344,"column":13},"end":{"line":346,"column":null}}]},"38":{"loc":{"start":{"line":419,"column":6},"end":{"line":419,"column":null}},"type":"if","locations":[{"start":{"line":419,"column":6},"end":{"line":419,"column":null}},{"start":{},"end":{}}]},"39":{"loc":{"start":{"line":432,"column":6},"end":{"line":432,"column":null}},"type":"if","locations":[{"start":{"line":432,"column":6},"end":{"line":432,"column":null}},{"start":{},"end":{}}]},"40":{"loc":{"start":{"line":447,"column":6},"end":{"line":451,"column":null}},"type":"if","locations":[{"start":{"line":447,"column":6},"end":{"line":451,"column":null}},{"start":{"line":449,"column":13},"end":{"line":451,"column":null}}]},"41":{"loc":{"start":{"line":447,"column":10},"end":{"line":447,"column":58}},"type":"binary-expr","locations":[{"start":{"line":447,"column":10},"end":{"line":447,"column":34}},{"start":{"line":447,"column":34},"end":{"line":447,"column":58}}]},"42":{"loc":{"start":{"line":487,"column":6},"end":{"line":487,"column":null}},"type":"if","locations":[{"start":{"line":487,"column":6},"end":{"line":487,"column":null}},{"start":{},"end":{}}]},"43":{"loc":{"start":{"line":505,"column":6},"end":{"line":505,"column":null}},"type":"if","locations":[{"start":{"line":505,"column":6},"end":{"line":505,"column":null}},{"start":{},"end":{}}]},"44":{"loc":{"start":{"line":523,"column":6},"end":{"line":523,"column":null}},"type":"if","locations":[{"start":{"line":523,"column":6},"end":{"line":523,"column":null}},{"start":{},"end":{}}]},"45":{"loc":{"start":{"line":540,"column":6},"end":{"line":540,"column":null}},"type":"if","locations":[{"start":{"line":540,"column":6},"end":{"line":540,"column":null}},{"start":{},"end":{}}]},"46":{"loc":{"start":{"line":557,"column":6},"end":{"line":557,"column":null}},"type":"if","locations":[{"start":{"line":557,"column":6},"end":{"line":557,"column":null}},{"start":{},"end":{}}]},"47":{"loc":{"start":{"line":574,"column":6},"end":{"line":574,"column":null}},"type":"if","locations":[{"start":{"line":574,"column":6},"end":{"line":574,"column":null}},{"start":{},"end":{}}]},"48":{"loc":{"start":{"line":593,"column":6},"end":{"line":593,"column":null}},"type":"if","locations":[{"start":{"line":593,"column":6},"end":{"line":593,"column":null}},{"start":{},"end":{}}]},"49":{"loc":{"start":{"line":654,"column":14},"end":{"line":654,"column":47}},"type":"default-arg","locations":[{"start":{"line":654,"column":34},"end":{"line":654,"column":47}}]},"50":{"loc":{"start":{"line":658,"column":17},"end":{"line":658,"column":56}},"type":"cond-expr","locations":[{"start":{"line":658,"column":38},"end":{"line":658,"column":43}},{"start":{"line":658,"column":43},"end":{"line":658,"column":56}}]},"51":{"loc":{"start":{"line":724,"column":6},"end":{"line":726,"column":null}},"type":"if","locations":[{"start":{"line":724,"column":6},"end":{"line":726,"column":null}},{"start":{},"end":{}}]},"52":{"loc":{"start":{"line":727,"column":6},"end":{"line":729,"column":null}},"type":"if","locations":[{"start":{"line":727,"column":6},"end":{"line":729,"column":null}},{"start":{},"end":{}}]},"53":{"loc":{"start":{"line":727,"column":10},"end":{"line":727,"column":49}},"type":"binary-expr","locations":[{"start":{"line":727,"column":10},"end":{"line":727,"column":23}},{"start":{"line":727,"column":23},"end":{"line":727,"column":49}}]},"54":{"loc":{"start":{"line":734,"column":4},"end":{"line":734,"column":null}},"type":"if","locations":[{"start":{"line":734,"column":4},"end":{"line":734,"column":null}},{"start":{},"end":{}}]},"55":{"loc":{"start":{"line":802,"column":4},"end":{"line":802,"column":null}},"type":"if","locations":[{"start":{"line":802,"column":4},"end":{"line":802,"column":null}},{"start":{},"end":{}}]},"56":{"loc":{"start":{"line":803,"column":4},"end":{"line":803,"column":null}},"type":"if","locations":[{"start":{"line":803,"column":4},"end":{"line":803,"column":null}},{"start":{},"end":{}}]},"57":{"loc":{"start":{"line":803,"column":8},"end":{"line":803,"column":41}},"type":"binary-expr","locations":[{"start":{"line":803,"column":8},"end":{"line":803,"column":21}},{"start":{"line":803,"column":21},"end":{"line":803,"column":41}}]},"58":{"loc":{"start":{"line":806,"column":4},"end":{"line":820,"column":null}},"type":"if","locations":[{"start":{"line":806,"column":4},"end":{"line":820,"column":null}},{"start":{"line":813,"column":11},"end":{"line":820,"column":null}}]},"59":{"loc":{"start":{"line":809,"column":22},"end":{"line":809,"column":41}},"type":"binary-expr","locations":[{"start":{"line":809,"column":22},"end":{"line":809,"column":35}},{"start":{"line":809,"column":35},"end":{"line":809,"column":41}}]},"60":{"loc":{"start":{"line":816,"column":34},"end":{"line":816,"column":53}},"type":"binary-expr","locations":[{"start":{"line":816,"column":34},"end":{"line":816,"column":47}},{"start":{"line":816,"column":47},"end":{"line":816,"column":53}}]}},"s":{"0":126,"1":126,"2":126,"3":51,"4":124,"5":124,"6":51,"7":73,"8":73,"9":73,"10":51,"11":50,"12":50,"13":5,"14":10,"15":3,"16":3,"17":7,"18":7,"19":2,"20":5,"21":5,"22":0,"23":10,"24":10,"25":1,"26":9,"27":7,"28":2,"29":9,"30":7,"31":2,"32":9,"33":9,"34":6,"35":3,"36":6,"37":2,"38":4,"39":5,"40":2,"41":2,"42":2,"43":5,"44":1,"45":4,"46":4,"47":1,"48":5,"49":1,"50":1,"51":1,"52":1,"53":5,"54":5,"55":3,"56":3,"57":2,"58":5,"59":1,"60":89,"61":39,"62":50,"63":50,"64":9,"65":9,"66":41,"67":50,"68":50,"69":50,"70":4,"71":1,"72":3,"73":3,"74":3,"75":2,"76":1,"77":3,"78":3,"79":4,"80":1,"81":3,"82":3,"83":3,"84":2,"85":1,"86":3,"87":3,"88":1,"89":0,"90":1,"91":1,"92":0,"93":0,"94":1,"95":1,"96":1,"97":1,"98":1,"99":1,"100":1,"101":3,"102":3,"103":1,"104":3,"105":0,"106":3,"107":3,"108":3,"109":7,"110":4,"111":7,"112":7,"113":3,"114":1,"115":0,"116":1,"117":0,"118":1,"119":1,"120":1,"121":1,"122":2,"123":2,"124":2,"125":2,"126":1,"127":1,"128":2,"129":1,"130":1,"131":1,"132":1,"133":1,"134":1,"135":1,"136":1,"137":1,"138":0,"139":1,"140":1,"141":1,"142":0,"143":1,"144":1,"145":0,"146":0,"147":0,"148":0,"149":0,"150":0,"151":0,"152":0,"153":0,"154":0,"155":0,"156":0,"157":0,"158":0,"159":0,"160":0,"161":3,"162":3,"163":4,"164":4,"165":3,"166":3,"167":0,"168":0,"169":0,"170":0,"171":0,"172":0,"173":0,"174":0,"175":0,"176":0,"177":0,"178":0,"179":0,"180":0,"181":0,"182":0,"183":0,"184":0,"185":0,"186":0,"187":0,"188":0,"189":0,"190":0,"191":0,"192":0,"193":0,"194":0,"195":0,"196":0,"197":0,"198":0,"199":0,"200":0,"201":0,"202":0,"203":0,"204":0,"205":0,"206":0,"207":0,"208":0,"209":0,"210":0,"211":0,"212":0,"213":0,"214":0,"215":0,"216":0,"217":0,"218":0,"219":0,"220":0,"221":0,"222":0,"223":0,"224":0,"225":0,"226":0,"227":0,"228":0,"229":0,"230":0,"231":0,"232":0,"233":0,"234":0,"235":0,"236":0,"237":0,"238":0,"239":0,"240":0,"241":0,"242":0,"243":1,"244":1,"245":1,"246":1,"247":4,"248":2,"249":4,"250":4,"251":1,"252":0,"253":0,"254":0,"255":0,"256":0,"257":0,"258":1,"259":1,"260":1,"261":1,"262":3,"263":3,"264":3,"265":1,"266":0,"267":0,"268":0,"269":0,"270":7,"271":7,"272":7,"273":16,"274":16,"275":7,"276":7,"277":7,"278":7,"279":34,"280":34,"281":34,"282":79,"283":79,"284":34,"285":0,"286":0,"287":0,"288":0,"289":0,"290":0,"291":0,"292":0,"293":0,"294":0,"295":0,"296":0,"297":0,"298":0,"299":0,"300":0,"301":0,"302":0,"303":0,"304":0,"305":0,"306":0,"307":0,"308":0,"309":0,"310":8,"311":8,"312":8,"313":20,"314":20,"315":0,"316":0,"317":0,"318":24,"319":2,"320":24,"321":3,"322":21,"323":15,"324":15,"325":15,"326":10,"327":15,"328":6,"329":6,"330":6,"331":0,"332":6},"f":{"0":126,"1":51,"2":124,"3":50,"4":5,"5":10,"6":0,"7":10,"8":6,"9":2,"10":5,"11":1,"12":5,"13":89,"14":4,"15":4,"16":1,"17":1,"18":3,"19":1,"20":2,"21":0,"22":0,"23":3,"24":0,"25":0,"26":0,"27":0,"28":0,"29":0,"30":0,"31":0,"32":0,"33":0,"34":1,"35":0,"36":1,"37":0,"38":7,"39":7,"40":34,"41":0,"42":0,"43":0,"44":0,"45":0,"46":0,"47":8,"48":8,"49":0,"50":24},"b":{"0":[126],"1":[126],"2":[51,73],"3":[38],"4":[3,7],"5":[2,5],"6":[1,9],"7":[7,2],"8":[7,2],"9":[3,3],"10":[2,4],"11":[6,5],"12":[2],"13":[1,4],"14":[1],"15":[3,2],"16":[39,50],"17":[9,41],"18":[1,3],"19":[2,1],"20":[1,3],"21":[2,1],"22":[0,1],"23":[0,1],"24":[0],"25":[1],"26":[1,2],"27":[0,3],"28":[10,9],"29":[4,3],"30":[0,1],"31":[0,1],"32":[1,1],"33":[3,2],"34":[1,0],"35":[1,0],"36":[1,0],"37":[1,0],"38":[0,0],"39":[0,0],"40":[0,0],"41":[0,0],"42":[0,0],"43":[0,0],"44":[0,0],"45":[0,0],"46":[0,0],"47":[0,0],"48":[2,2],"49":[3],"50":[6,10],"51":[0,0],"52":[0,0],"53":[0,0],"54":[0,0],"55":[2,22],"56":[3,21],"57":[24,23],"58":[15,6],"59":[25,10],"60":[6,0]}}
}
